0 info it worked if it ends with ok
1 verbose cli [ 'C:\\Program Files\\nodejs\\node.exe',
1 verbose cli   'C:\\Program Files\\nodejs\\node_modules\\npm\\bin\\npm-cli.js',
1 verbose cli   'run',
1 verbose cli   'dev' ]
2 info using npm@3.10.10
3 info using node@v6.10.3
4 verbose run-script [ 'predev', 'dev', 'postdev' ]
5 info lifecycle rav@1.0.0~predev: rav@1.0.0
6 silly lifecycle rav@1.0.0~predev: no script for predev, continuing
7 info lifecycle rav@1.0.0~dev: rav@1.0.0
8 verbose lifecycle rav@1.0.0~dev: unsafe-perm in lifecycle true
9 verbose lifecycle rav@1.0.0~dev: PATH: C:\Program Files\nodejs\node_modules\npm\bin\node-gyp-bin;D:\3.Research\9.Laravel\2.vagrant\ubiz\sync\react-original\node_modules\.bin;C:\Program Files (x86)\Common Files\Oracle\Java\javapath;C:\ProgramData\Oracle\Java\javapath;C:\WINDOWS\system32;C:\WINDOWS;C:\WINDOWS\System32\Wbem;C:\WINDOWS\System32\WindowsPowerShell\v1.0\;C:\Program Files\PuTTY\;C:\Program Files\SourceGear\Common\DiffMerge\;C:\Program Files (x86)\Microsoft SQL Server\100\Tools\Binn\;C:\Program Files (x86)\Microsoft SQL Server\100\DTS\Binn\;C:\Program Files\nodejs\;C:\Python27;C:\Program Files\CMake\bin;C:\HashiCorp\Vagrant\bin;C:\Program Files\Git\bin;C:\cygwin\bin;C:\Program Files\dotnet\;C:\Program Files (x86)\Windows Kits\10\Windows Performance Toolkit\;C:\WINDOWS\System32\OpenSSH\;C:\Program Files\Microsoft SQL Server\Client SDK\ODBC\130\Tools\Binn\;C:\Program Files (x86)\Microsoft SQL Server\140\Tools\Binn\;C:\Program Files\Microsoft SQL Server\140\Tools\Binn\;C:\Program Files\Microsoft SQL Server\140\DTS\Binn\;C:\Program Files (x86)\Microsoft SQL Server\Client SDK\ODBC\130\Tools\Binn\;C:\Program Files (x86)\Microsoft SQL Server\140\DTS\Binn\;C:\Program Files (x86)\Microsoft SQL Server\140\Tools\Binn\ManagementStudio\;C:\Program Files (x86)\Yarn\bin\;C:\Users\Brights\AppData\Local\Microsoft\WindowsApps;C:\Users\Brights\AppData\Roaming\npm;C:\Users\Brights\AppData\Local\atom\bin;C:\Users\Brights\AppData\Local\Microsoft\WindowsApps;C:\Users\Brights\AppData\Local\GitHubDesktop\bin;C:\Users\Brights\AppData\Local\Yarn\bin;C:\Program Files\Docker Toolbox
10 verbose lifecycle rav@1.0.0~dev: CWD: D:\3.Research\9.Laravel\2.vagrant\ubiz\sync\react-original
11 silly lifecycle rav@1.0.0~dev: Args: [ '/d /s /c', 'webpack-dev-server --env.env=dev' ]
12 silly lifecycle rav@1.0.0~dev: Returned: code: 3221225786  signal: null
13 info lifecycle rav@1.0.0~dev: Failed to exec dev script
14 verbose stack Error: rav@1.0.0 dev: `webpack-dev-server --env.env=dev`
14 verbose stack Exit status 3221225786
14 verbose stack     at EventEmitter.<anonymous> (C:\Program Files\nodejs\node_modules\npm\lib\utils\lifecycle.js:255:16)
14 verbose stack     at emitTwo (events.js:106:13)
14 verbose stack     at EventEmitter.emit (events.js:191:7)
14 verbose stack     at ChildProcess.<anonymous> (C:\Program Files\nodejs\node_modules\npm\lib\utils\spawn.js:40:14)
14 verbose stack     at emitTwo (events.js:106:13)
14 verbose stack     at ChildProcess.emit (events.js:191:7)
14 verbose stack     at maybeClose (internal/child_process.js:886:16)
14 verbose stack     at Process.ChildProcess._handle.onexit (internal/child_process.js:226:5)
15 verbose pkgid rav@1.0.0
16 verbose cwd D:\3.Research\9.Laravel\2.vagrant\ubiz\sync\react-original
17 error Windows_NT 10.0.17134
18 error argv "C:\\Program Files\\nodejs\\node.exe" "C:\\Program Files\\nodejs\\node_modules\\npm\\bin\\npm-cli.js" "run" "dev"
19 error node v6.10.3
20 error npm  v3.10.10
21 error code ELIFECYCLE
22 error rav@1.0.0 dev: `webpack-dev-server --env.env=dev`
22 error Exit status 3221225786
23 error Failed at the rav@1.0.0 dev script 'webpack-dev-server --env.env=dev'.
23 error Make sure you have the latest version of node.js and npm installed.
23 error If you do, this is most likely a problem with the rav package,
23 error not with npm itself.
23 error Tell the author that this fails on your system:
23 error     webpack-dev-server --env.env=dev
23 error You can get information on how to open an issue for this project with:
23 error     npm bugs rav
23 error Or if that isn't available, you can get their info via:
23 error     npm owner ls rav
23 error There is likely additional logging output above.
24 verbose exit [ 1, true ]
